<?xml version="1.0" encoding="UTF-8"?>
<testsuite name="edu.cmu.mis.iccfb.ApiGatewayApplicationTests" tests="1" skipped="0" failures="0" errors="0" timestamp="2017-02-16T09:12:46" hostname="Ahrams-MacBook-Pro.local" time="0.021">
  <properties/>
  <testcase name="contextLoads" classname="edu.cmu.mis.iccfb.ApiGatewayApplicationTests" time="0.021"/>
  <system-out><![CDATA[04:12:43.132 [Test worker] DEBUG org.springframework.test.context.junit4.SpringJUnit4ClassRunner - SpringJUnit4ClassRunner constructor called with [class edu.cmu.mis.iccfb.ApiGatewayApplicationTests]
04:12:43.135 [Test worker] DEBUG org.springframework.test.context.BootstrapUtils - Instantiating CacheAwareContextLoaderDelegate from class [org.springframework.test.context.cache.DefaultCacheAwareContextLoaderDelegate]
04:12:43.140 [Test worker] DEBUG org.springframework.test.context.BootstrapUtils - Instantiating BootstrapContext using constructor [public org.springframework.test.context.support.DefaultBootstrapContext(java.lang.Class,org.springframework.test.context.CacheAwareContextLoaderDelegate)]
04:12:43.152 [Test worker] DEBUG org.springframework.test.context.BootstrapUtils - Instantiating TestContextBootstrapper for test class [edu.cmu.mis.iccfb.ApiGatewayApplicationTests] from class [org.springframework.boot.test.context.SpringBootTestContextBootstrapper]
04:12:43.163 [Test worker] INFO org.springframework.boot.test.context.SpringBootTestContextBootstrapper - Neither @ContextConfiguration nor @ContextHierarchy found for test class [edu.cmu.mis.iccfb.ApiGatewayApplicationTests], using SpringBootContextLoader
04:12:43.166 [Test worker] DEBUG org.springframework.test.context.support.AbstractContextLoader - Did not detect default resource location for test class [edu.cmu.mis.iccfb.ApiGatewayApplicationTests]: class path resource [edu/cmu/mis/iccfb/ApiGatewayApplicationTests-context.xml] does not exist
04:12:43.166 [Test worker] DEBUG org.springframework.test.context.support.AbstractContextLoader - Did not detect default resource location for test class [edu.cmu.mis.iccfb.ApiGatewayApplicationTests]: class path resource [edu/cmu/mis/iccfb/ApiGatewayApplicationTestsContext.groovy] does not exist
04:12:43.166 [Test worker] INFO org.springframework.test.context.support.AbstractContextLoader - Could not detect default resource locations for test class [edu.cmu.mis.iccfb.ApiGatewayApplicationTests]: no resource found for suffixes {-context.xml, Context.groovy}.
04:12:43.167 [Test worker] INFO org.springframework.test.context.support.AnnotationConfigContextLoaderUtils - Could not detect default configuration classes for test class [edu.cmu.mis.iccfb.ApiGatewayApplicationTests]: ApiGatewayApplicationTests does not declare any static, non-private, non-final, nested classes annotated with @Configuration.
04:12:43.194 [Test worker] DEBUG org.springframework.test.context.support.ActiveProfilesUtils - Could not find an 'annotation declaring class' for annotation type [org.springframework.test.context.ActiveProfiles] and class [edu.cmu.mis.iccfb.ApiGatewayApplicationTests]
04:12:43.200 [Test worker] DEBUG org.springframework.core.env.StandardEnvironment - Adding [systemProperties] PropertySource with lowest search precedence
04:12:43.201 [Test worker] DEBUG org.springframework.core.env.StandardEnvironment - Adding [systemEnvironment] PropertySource with lowest search precedence
04:12:43.201 [Test worker] DEBUG org.springframework.core.env.StandardEnvironment - Initialized StandardEnvironment with PropertySources [systemProperties,systemEnvironment]
04:12:43.209 [Test worker] DEBUG org.springframework.core.io.support.PathMatchingResourcePatternResolver - Resolved classpath location [edu/cmu/mis/iccfb/] to resources [URL [file:/Users/ahramyun/cc/1/ApiGateway/build/classes/test/edu/cmu/mis/iccfb/], URL [file:/Users/ahramyun/cc/1/ApiGateway/build/classes/main/edu/cmu/mis/iccfb/]]
04:12:43.209 [Test worker] DEBUG org.springframework.core.io.support.PathMatchingResourcePatternResolver - Looking for matching resources in directory tree [/Users/ahramyun/cc/1/ApiGateway/build/classes/test/edu/cmu/mis/iccfb]
04:12:43.210 [Test worker] DEBUG org.springframework.core.io.support.PathMatchingResourcePatternResolver - Searching directory [/Users/ahramyun/cc/1/ApiGateway/build/classes/test/edu/cmu/mis/iccfb] for files matching pattern [/Users/ahramyun/cc/1/ApiGateway/build/classes/test/edu/cmu/mis/iccfb/*.class]
04:12:43.212 [Test worker] DEBUG org.springframework.core.io.support.PathMatchingResourcePatternResolver - Looking for matching resources in directory tree [/Users/ahramyun/cc/1/ApiGateway/build/classes/main/edu/cmu/mis/iccfb]
04:12:43.212 [Test worker] DEBUG org.springframework.core.io.support.PathMatchingResourcePatternResolver - Searching directory [/Users/ahramyun/cc/1/ApiGateway/build/classes/main/edu/cmu/mis/iccfb] for files matching pattern [/Users/ahramyun/cc/1/ApiGateway/build/classes/main/edu/cmu/mis/iccfb/*.class]
04:12:43.213 [Test worker] DEBUG org.springframework.core.io.support.PathMatchingResourcePatternResolver - Resolved location pattern [classpath*:edu/cmu/mis/iccfb/*.class] to resources [file [/Users/ahramyun/cc/1/ApiGateway/build/classes/test/edu/cmu/mis/iccfb/ApiGatewayApplicationTests.class], file [/Users/ahramyun/cc/1/ApiGateway/build/classes/main/edu/cmu/mis/iccfb/ApiGatewayApplication.class]]
04:12:43.251 [Test worker] DEBUG org.springframework.context.annotation.ClassPathScanningCandidateComponentProvider - Identified candidate component class: file [/Users/ahramyun/cc/1/ApiGateway/build/classes/main/edu/cmu/mis/iccfb/ApiGatewayApplication.class]
04:12:43.252 [Test worker] INFO org.springframework.boot.test.context.SpringBootTestContextBootstrapper - Found @SpringBootConfiguration edu.cmu.mis.iccfb.ApiGatewayApplication for test class edu.cmu.mis.iccfb.ApiGatewayApplicationTests
04:12:43.254 [Test worker] DEBUG org.springframework.boot.test.context.SpringBootTestContextBootstrapper - @TestExecutionListeners is not present for class [edu.cmu.mis.iccfb.ApiGatewayApplicationTests]: using defaults.
04:12:43.258 [Test worker] INFO org.springframework.boot.test.context.SpringBootTestContextBootstrapper - Loaded default TestExecutionListener class names from location [META-INF/spring.factories]: [org.springframework.boot.test.mock.mockito.MockitoTestExecutionListener, org.springframework.boot.test.mock.mockito.ResetMocksTestExecutionListener, org.springframework.boot.test.autoconfigure.restdocs.RestDocsTestExecutionListener, org.springframework.boot.test.autoconfigure.web.client.MockRestServiceServerResetTestExecutionListener, org.springframework.boot.test.autoconfigure.web.servlet.MockMvcPrintOnlyOnFailureTestExecutionListener, org.springframework.boot.test.autoconfigure.web.servlet.WebDriverTestExecutionListener, org.springframework.test.context.web.ServletTestExecutionListener, org.springframework.test.context.support.DirtiesContextBeforeModesTestExecutionListener, org.springframework.test.context.support.DependencyInjectionTestExecutionListener, org.springframework.test.context.support.DirtiesContextTestExecutionListener, org.springframework.test.context.transaction.TransactionalTestExecutionListener, org.springframework.test.context.jdbc.SqlScriptsTestExecutionListener]
04:12:43.273 [Test worker] INFO org.springframework.boot.test.context.SpringBootTestContextBootstrapper - Using TestExecutionListeners: [org.springframework.test.context.web.ServletTestExecutionListener@118da9b2, org.springframework.test.context.support.DirtiesContextBeforeModesTestExecutionListener@2040350f, org.springframework.boot.test.autoconfigure.SpringBootDependencyInjectionTestExecutionListener@1a57c29b, org.springframework.test.context.support.DirtiesContextTestExecutionListener@78e6e3d6, org.springframework.test.context.transaction.TransactionalTestExecutionListener@45a1541, org.springframework.test.context.jdbc.SqlScriptsTestExecutionListener@2593b088, org.springframework.boot.test.autoconfigure.restdocs.RestDocsTestExecutionListener@174edbb, org.springframework.boot.test.mock.mockito.MockitoTestExecutionListener@4ec35610, org.springframework.boot.test.mock.mockito.ResetMocksTestExecutionListener@1ae7a294, org.springframework.boot.test.autoconfigure.web.servlet.WebDriverTestExecutionListener@224846b0, org.springframework.boot.test.autoconfigure.web.servlet.MockMvcPrintOnlyOnFailureTestExecutionListener@4777e77, org.springframework.boot.test.autoconfigure.web.client.MockRestServiceServerResetTestExecutionListener@50d0cb3f]
04:12:43.275 [Test worker] DEBUG org.springframework.test.annotation.ProfileValueUtils - Retrieved @ProfileValueSourceConfiguration [null] for test class [edu.cmu.mis.iccfb.ApiGatewayApplicationTests]
04:12:43.276 [Test worker] DEBUG org.springframework.test.annotation.ProfileValueUtils - Retrieved ProfileValueSource type [class org.springframework.test.annotation.SystemProfileValueSource] for class [edu.cmu.mis.iccfb.ApiGatewayApplicationTests]
04:12:43.276 [Test worker] DEBUG org.springframework.test.annotation.ProfileValueUtils - Retrieved @ProfileValueSourceConfiguration [null] for test class [edu.cmu.mis.iccfb.ApiGatewayApplicationTests]
04:12:43.276 [Test worker] DEBUG org.springframework.test.annotation.ProfileValueUtils - Retrieved ProfileValueSource type [class org.springframework.test.annotation.SystemProfileValueSource] for class [edu.cmu.mis.iccfb.ApiGatewayApplicationTests]
04:12:43.280 [Test worker] DEBUG org.springframework.test.context.support.AbstractDirtiesContextTestExecutionListener - Before test class: context [DefaultTestContext@2f8efeba testClass = ApiGatewayApplicationTests, testInstance = [null], testMethod = [null], testException = [null], mergedContextConfiguration = [WebMergedContextConfiguration@592a34c4 testClass = ApiGatewayApplicationTests, locations = '{}', classes = '{class edu.cmu.mis.iccfb.ApiGatewayApplication}', contextInitializerClasses = '[]', activeProfiles = '{}', propertySourceLocations = '{}', propertySourceProperties = '{org.springframework.boot.test.context.SpringBootTestContextBootstrapper=true}', contextCustomizers = set[org.springframework.boot.test.context.SpringBootTestContextCustomizer@78a5c25f, org.springframework.boot.test.context.filter.ExcludeFilterContextCustomizer@3b0b9f90, org.springframework.boot.test.mock.mockito.MockitoContextCustomizer@0, org.springframework.boot.test.autoconfigure.properties.PropertyMappingContextCustomizer@0, org.springframework.boot.test.autoconfigure.web.servlet.WebDriverContextCustomizerFactory$Customizer@1921709f], resourceBasePath = 'src/main/webapp', contextLoader = 'org.springframework.boot.test.context.SpringBootContextLoader', parent = [null]]], class annotated with @DirtiesContext [false] with mode [null].
04:12:43.280 [Test worker] DEBUG org.springframework.test.annotation.ProfileValueUtils - Retrieved @ProfileValueSourceConfiguration [null] for test class [edu.cmu.mis.iccfb.ApiGatewayApplicationTests]
04:12:43.281 [Test worker] DEBUG org.springframework.test.annotation.ProfileValueUtils - Retrieved ProfileValueSource type [class org.springframework.test.annotation.SystemProfileValueSource] for class [edu.cmu.mis.iccfb.ApiGatewayApplicationTests]
04:12:43.329 [Test worker] DEBUG org.springframework.core.env.StandardEnvironment - Adding [systemProperties] PropertySource with lowest search precedence
04:12:43.329 [Test worker] DEBUG org.springframework.core.env.StandardEnvironment - Adding [systemEnvironment] PropertySource with lowest search precedence
04:12:43.329 [Test worker] DEBUG org.springframework.core.env.StandardEnvironment - Initialized StandardEnvironment with PropertySources [systemProperties,systemEnvironment]
04:12:43.331 [Test worker] DEBUG org.springframework.core.env.MutablePropertySources - Adding [inline] PropertySource with highest search precedence
04:12:43.335 [Test worker] DEBUG org.springframework.test.context.support.TestPropertySourceUtils - Adding inlined properties to environment: {spring.jmx.enabled=false, org.springframework.boot.test.context.SpringBootTestContextBootstrapper=true, server.port=-1}
04:12:43.335 [Test worker] DEBUG org.springframework.core.env.StandardEnvironment - Adding [Inlined Test Properties] PropertySource with highest search precedence

  .   ____          _            __ _ _
 /\\ / ___'_ __ _ _(_)_ __  __ _ \ \ \ \
( ( )\___ | '_ | '_| | '_ \/ _` | \ \ \ \
 \\/  ___)| |_)| | | | | || (_| |  ) ) ) )
  '  |____| .__|_| |_|_| |_\__, | / / / /
 =========|_|==============|___/=/_/_/_/
 :: Spring Boot ::        (v1.5.1.RELEASE)

2017-02-16 04:12:43.819  INFO 94201 --- [    Test worker] e.c.m.iccfb.ApiGatewayApplicationTests   : Starting ApiGatewayApplicationTests on Ahrams-MacBook-Pro.local with PID 94201 (started by ahramyun in /Users/ahramyun/cc/1/ApiGateway)
2017-02-16 04:12:43.820  INFO 94201 --- [    Test worker] e.c.m.iccfb.ApiGatewayApplicationTests   : No active profile set, falling back to default profiles: default
2017-02-16 04:12:43.850  INFO 94201 --- [    Test worker] o.s.w.c.s.GenericWebApplicationContext   : Refreshing org.springframework.web.context.support.GenericWebApplicationContext@d0aab74: startup date [Thu Feb 16 04:12:43 EST 2017]; root of context hierarchy
2017-02-16 04:12:44.618  INFO 94201 --- [    Test worker] trationDelegate$BeanPostProcessorChecker : Bean 'org.springframework.boot.autoconfigure.validation.ValidationAutoConfiguration' of type [class org.springframework.boot.autoconfigure.validation.ValidationAutoConfiguration] is not eligible for getting processed by all BeanPostProcessors (for example: not eligible for auto-proxying)
2017-02-16 04:12:44.675  INFO 94201 --- [    Test worker] trationDelegate$BeanPostProcessorChecker : Bean 'validator' of type [class org.springframework.validation.beanvalidation.LocalValidatorFactoryBean] is not eligible for getting processed by all BeanPostProcessors (for example: not eligible for auto-proxying)
2017-02-16 04:12:44.698  INFO 94201 --- [    Test worker] trationDelegate$BeanPostProcessorChecker : Bean 'org.springframework.transaction.annotation.ProxyTransactionManagementConfiguration' of type [class org.springframework.transaction.annotation.ProxyTransactionManagementConfiguration$$EnhancerBySpringCGLIB$$153c1e5f] is not eligible for getting processed by all BeanPostProcessors (for example: not eligible for auto-proxying)
2017-02-16 04:12:45.167  INFO 94201 --- [    Test worker] j.LocalContainerEntityManagerFactoryBean : Building JPA container EntityManagerFactory for persistence unit 'default'
2017-02-16 04:12:45.182  INFO 94201 --- [    Test worker] o.hibernate.jpa.internal.util.LogHelper  : HHH000204: Processing PersistenceUnitInfo [
	name: default
	...]
2017-02-16 04:12:45.234  INFO 94201 --- [    Test worker] org.hibernate.Version                    : HHH000412: Hibernate Core {5.0.11.Final}
2017-02-16 04:12:45.236  INFO 94201 --- [    Test worker] org.hibernate.cfg.Environment            : HHH000206: hibernate.properties not found
2017-02-16 04:12:45.237  INFO 94201 --- [    Test worker] org.hibernate.cfg.Environment            : HHH000021: Bytecode provider name : javassist
2017-02-16 04:12:45.269  INFO 94201 --- [    Test worker] o.hibernate.annotations.common.Version   : HCANN000001: Hibernate Commons Annotations {5.0.1.Final}
2017-02-16 04:12:45.354  INFO 94201 --- [    Test worker] org.hibernate.dialect.Dialect            : HHH000400: Using dialect: org.hibernate.dialect.H2Dialect
2017-02-16 04:12:45.585  INFO 94201 --- [    Test worker] org.hibernate.tool.hbm2ddl.SchemaExport  : HHH000227: Running hbm2ddl schema export
2017-02-16 04:12:45.587  INFO 94201 --- [    Test worker] org.hibernate.tool.hbm2ddl.SchemaExport  : HHH000230: Schema export complete
2017-02-16 04:12:45.610  INFO 94201 --- [    Test worker] j.LocalContainerEntityManagerFactoryBean : Initialized JPA EntityManagerFactory for persistence unit 'default'
2017-02-16 04:12:45.983  INFO 94201 --- [    Test worker] s.w.s.m.m.a.RequestMappingHandlerAdapter : Looking for @ControllerAdvice: org.springframework.web.context.support.GenericWebApplicationContext@d0aab74: startup date [Thu Feb 16 04:12:43 EST 2017]; root of context hierarchy
2017-02-16 04:12:46.052  INFO 94201 --- [    Test worker] s.w.s.m.m.a.RequestMappingHandlerMapping : Mapped "{[/api/quote/random]}" onto public edu.cmu.mis.iccfb.model.Quote edu.cmu.mis.iccfb.controller.QuoteController.random()
2017-02-16 04:12:46.053  INFO 94201 --- [    Test worker] s.w.s.m.m.a.RequestMappingHandlerMapping : Mapped "{[/api/quote/author/{authorId}]}" onto public java.lang.Iterable<edu.cmu.mis.iccfb.model.Quote> edu.cmu.mis.iccfb.controller.QuoteController.listQuotes(java.lang.Long)
2017-02-16 04:12:46.053  INFO 94201 --- [    Test worker] s.w.s.m.m.a.RequestMappingHandlerMapping : Mapped "{[/api/author/{authorId}]}" onto public java.lang.Iterable<edu.cmu.mis.iccfb.model.Quote> edu.cmu.mis.iccfb.controller.QuoteController.listQuotes2(java.lang.Long)
2017-02-16 04:12:46.053  INFO 94201 --- [    Test worker] s.w.s.m.m.a.RequestMappingHandlerMapping : Mapped "{[/api/quote],methods=[POST]}" onto public void edu.cmu.mis.iccfb.controller.QuoteController.saveQuote(edu.cmu.mis.iccfb.model.Quote)
2017-02-16 04:12:46.055  INFO 94201 --- [    Test worker] s.w.s.m.m.a.RequestMappingHandlerMapping : Mapped "{[/error]}" onto public org.springframework.http.ResponseEntity<java.util.Map<java.lang.String, java.lang.Object>> org.springframework.boot.autoconfigure.web.BasicErrorController.error(javax.servlet.http.HttpServletRequest)
2017-02-16 04:12:46.055  INFO 94201 --- [    Test worker] s.w.s.m.m.a.RequestMappingHandlerMapping : Mapped "{[/error],produces=[text/html]}" onto public org.springframework.web.servlet.ModelAndView org.springframework.boot.autoconfigure.web.BasicErrorController.errorHtml(javax.servlet.http.HttpServletRequest,javax.servlet.http.HttpServletResponse)
2017-02-16 04:12:46.084  INFO 94201 --- [    Test worker] o.s.w.s.handler.SimpleUrlHandlerMapping  : Mapped URL path [/webjars/**] onto handler of type [class org.springframework.web.servlet.resource.ResourceHttpRequestHandler]
2017-02-16 04:12:46.084  INFO 94201 --- [    Test worker] o.s.w.s.handler.SimpleUrlHandlerMapping  : Mapped URL path [/**] onto handler of type [class org.springframework.web.servlet.resource.ResourceHttpRequestHandler]
2017-02-16 04:12:46.116  INFO 94201 --- [    Test worker] o.s.w.s.handler.SimpleUrlHandlerMapping  : Mapped URL path [/**/favicon.ico] onto handler of type [class org.springframework.web.servlet.resource.ResourceHttpRequestHandler]
2017-02-16 04:12:46.136  INFO 94201 --- [    Test worker] oConfiguration$WelcomePageHandlerMapping : Adding welcome page: ServletContext resource [/index.html]
2017-02-16 04:12:46.342  INFO 94201 --- [    Test worker] e.c.m.iccfb.ApiGatewayApplicationTests   : Started ApiGatewayApplicationTests in 2.998 seconds (JVM running for 3.695)
]]></system-out>
  <system-err><![CDATA[]]></system-err>
</testsuite>
