<?xml version="1.0" encoding="UTF-8"?>
<testsuite name="edu.cmu.mis.iccfb.AuthorServiceApplicationTests" tests="1" skipped="0" failures="0" errors="0" timestamp="2017-02-16T09:09:35" hostname="Ahrams-MacBook-Pro.local" time="0.029">
  <properties/>
  <testcase name="contextLoads" classname="edu.cmu.mis.iccfb.AuthorServiceApplicationTests" time="0.029"/>
  <system-out><![CDATA[04:09:31.391 [Test worker] DEBUG org.springframework.test.context.junit4.SpringJUnit4ClassRunner - SpringJUnit4ClassRunner constructor called with [class edu.cmu.mis.iccfb.AuthorServiceApplicationTests]
04:09:31.395 [Test worker] DEBUG org.springframework.test.context.BootstrapUtils - Instantiating CacheAwareContextLoaderDelegate from class [org.springframework.test.context.cache.DefaultCacheAwareContextLoaderDelegate]
04:09:31.401 [Test worker] DEBUG org.springframework.test.context.BootstrapUtils - Instantiating BootstrapContext using constructor [public org.springframework.test.context.support.DefaultBootstrapContext(java.lang.Class,org.springframework.test.context.CacheAwareContextLoaderDelegate)]
04:09:31.414 [Test worker] DEBUG org.springframework.test.context.BootstrapUtils - Instantiating TestContextBootstrapper for test class [edu.cmu.mis.iccfb.AuthorServiceApplicationTests] from class [org.springframework.boot.test.context.SpringBootTestContextBootstrapper]
04:09:31.426 [Test worker] INFO org.springframework.boot.test.context.SpringBootTestContextBootstrapper - Neither @ContextConfiguration nor @ContextHierarchy found for test class [edu.cmu.mis.iccfb.AuthorServiceApplicationTests], using SpringBootContextLoader
04:09:31.429 [Test worker] DEBUG org.springframework.test.context.support.AbstractContextLoader - Did not detect default resource location for test class [edu.cmu.mis.iccfb.AuthorServiceApplicationTests]: class path resource [edu/cmu/mis/iccfb/AuthorServiceApplicationTests-context.xml] does not exist
04:09:31.429 [Test worker] DEBUG org.springframework.test.context.support.AbstractContextLoader - Did not detect default resource location for test class [edu.cmu.mis.iccfb.AuthorServiceApplicationTests]: class path resource [edu/cmu/mis/iccfb/AuthorServiceApplicationTestsContext.groovy] does not exist
04:09:31.429 [Test worker] INFO org.springframework.test.context.support.AbstractContextLoader - Could not detect default resource locations for test class [edu.cmu.mis.iccfb.AuthorServiceApplicationTests]: no resource found for suffixes {-context.xml, Context.groovy}.
04:09:31.430 [Test worker] INFO org.springframework.test.context.support.AnnotationConfigContextLoaderUtils - Could not detect default configuration classes for test class [edu.cmu.mis.iccfb.AuthorServiceApplicationTests]: AuthorServiceApplicationTests does not declare any static, non-private, non-final, nested classes annotated with @Configuration.
04:09:31.461 [Test worker] DEBUG org.springframework.test.context.support.ActiveProfilesUtils - Could not find an 'annotation declaring class' for annotation type [org.springframework.test.context.ActiveProfiles] and class [edu.cmu.mis.iccfb.AuthorServiceApplicationTests]
04:09:31.468 [Test worker] DEBUG org.springframework.core.env.StandardEnvironment - Adding [systemProperties] PropertySource with lowest search precedence
04:09:31.469 [Test worker] DEBUG org.springframework.core.env.StandardEnvironment - Adding [systemEnvironment] PropertySource with lowest search precedence
04:09:31.469 [Test worker] DEBUG org.springframework.core.env.StandardEnvironment - Initialized StandardEnvironment with PropertySources [systemProperties,systemEnvironment]
04:09:31.477 [Test worker] DEBUG org.springframework.core.io.support.PathMatchingResourcePatternResolver - Resolved classpath location [edu/cmu/mis/iccfb/] to resources [URL [file:/Users/ahramyun/cc/1/AuthorService/build/classes/test/edu/cmu/mis/iccfb/], URL [file:/Users/ahramyun/cc/1/AuthorService/build/classes/main/edu/cmu/mis/iccfb/]]
04:09:31.477 [Test worker] DEBUG org.springframework.core.io.support.PathMatchingResourcePatternResolver - Looking for matching resources in directory tree [/Users/ahramyun/cc/1/AuthorService/build/classes/test/edu/cmu/mis/iccfb]
04:09:31.477 [Test worker] DEBUG org.springframework.core.io.support.PathMatchingResourcePatternResolver - Searching directory [/Users/ahramyun/cc/1/AuthorService/build/classes/test/edu/cmu/mis/iccfb] for files matching pattern [/Users/ahramyun/cc/1/AuthorService/build/classes/test/edu/cmu/mis/iccfb/*.class]
04:09:31.480 [Test worker] DEBUG org.springframework.core.io.support.PathMatchingResourcePatternResolver - Looking for matching resources in directory tree [/Users/ahramyun/cc/1/AuthorService/build/classes/main/edu/cmu/mis/iccfb]
04:09:31.480 [Test worker] DEBUG org.springframework.core.io.support.PathMatchingResourcePatternResolver - Searching directory [/Users/ahramyun/cc/1/AuthorService/build/classes/main/edu/cmu/mis/iccfb] for files matching pattern [/Users/ahramyun/cc/1/AuthorService/build/classes/main/edu/cmu/mis/iccfb/*.class]
04:09:31.481 [Test worker] DEBUG org.springframework.core.io.support.PathMatchingResourcePatternResolver - Resolved location pattern [classpath*:edu/cmu/mis/iccfb/*.class] to resources [file [/Users/ahramyun/cc/1/AuthorService/build/classes/test/edu/cmu/mis/iccfb/AuthorServiceApplicationTests.class], file [/Users/ahramyun/cc/1/AuthorService/build/classes/main/edu/cmu/mis/iccfb/AuthorServiceApplication.class], file [/Users/ahramyun/cc/1/AuthorService/build/classes/main/edu/cmu/mis/iccfb/SeedData.class]]
04:09:31.518 [Test worker] DEBUG org.springframework.context.annotation.ClassPathScanningCandidateComponentProvider - Identified candidate component class: file [/Users/ahramyun/cc/1/AuthorService/build/classes/main/edu/cmu/mis/iccfb/AuthorServiceApplication.class]
04:09:31.521 [Test worker] INFO org.springframework.boot.test.context.SpringBootTestContextBootstrapper - Found @SpringBootConfiguration edu.cmu.mis.iccfb.AuthorServiceApplication for test class edu.cmu.mis.iccfb.AuthorServiceApplicationTests
04:09:31.524 [Test worker] DEBUG org.springframework.boot.test.context.SpringBootTestContextBootstrapper - @TestExecutionListeners is not present for class [edu.cmu.mis.iccfb.AuthorServiceApplicationTests]: using defaults.
04:09:31.528 [Test worker] INFO org.springframework.boot.test.context.SpringBootTestContextBootstrapper - Loaded default TestExecutionListener class names from location [META-INF/spring.factories]: [org.springframework.boot.test.mock.mockito.MockitoTestExecutionListener, org.springframework.boot.test.mock.mockito.ResetMocksTestExecutionListener, org.springframework.boot.test.autoconfigure.restdocs.RestDocsTestExecutionListener, org.springframework.boot.test.autoconfigure.web.client.MockRestServiceServerResetTestExecutionListener, org.springframework.boot.test.autoconfigure.web.servlet.MockMvcPrintOnlyOnFailureTestExecutionListener, org.springframework.boot.test.autoconfigure.web.servlet.WebDriverTestExecutionListener, org.springframework.test.context.web.ServletTestExecutionListener, org.springframework.test.context.support.DirtiesContextBeforeModesTestExecutionListener, org.springframework.test.context.support.DependencyInjectionTestExecutionListener, org.springframework.test.context.support.DirtiesContextTestExecutionListener, org.springframework.test.context.transaction.TransactionalTestExecutionListener, org.springframework.test.context.jdbc.SqlScriptsTestExecutionListener]
04:09:31.548 [Test worker] INFO org.springframework.boot.test.context.SpringBootTestContextBootstrapper - Using TestExecutionListeners: [org.springframework.test.context.web.ServletTestExecutionListener@2b045947, org.springframework.test.context.support.DirtiesContextBeforeModesTestExecutionListener@7bf0d967, org.springframework.boot.test.autoconfigure.SpringBootDependencyInjectionTestExecutionListener@5679a3ea, org.springframework.test.context.support.DirtiesContextTestExecutionListener@584dc978, org.springframework.test.context.transaction.TransactionalTestExecutionListener@518a7d57, org.springframework.test.context.jdbc.SqlScriptsTestExecutionListener@2c4cbde0, org.springframework.boot.test.mock.mockito.ResetMocksTestExecutionListener@37312d70, org.springframework.boot.test.autoconfigure.web.servlet.MockMvcPrintOnlyOnFailureTestExecutionListener@18124e7, org.springframework.boot.test.autoconfigure.web.client.MockRestServiceServerResetTestExecutionListener@3639145, org.springframework.boot.test.mock.mockito.MockitoTestExecutionListener@4a898f74, org.springframework.boot.test.autoconfigure.restdocs.RestDocsTestExecutionListener@746d71f8, org.springframework.boot.test.autoconfigure.web.servlet.WebDriverTestExecutionListener@7c43d58e]
04:09:31.551 [Test worker] DEBUG org.springframework.test.annotation.ProfileValueUtils - Retrieved @ProfileValueSourceConfiguration [null] for test class [edu.cmu.mis.iccfb.AuthorServiceApplicationTests]
04:09:31.552 [Test worker] DEBUG org.springframework.test.annotation.ProfileValueUtils - Retrieved ProfileValueSource type [class org.springframework.test.annotation.SystemProfileValueSource] for class [edu.cmu.mis.iccfb.AuthorServiceApplicationTests]
04:09:31.552 [Test worker] DEBUG org.springframework.test.annotation.ProfileValueUtils - Retrieved @ProfileValueSourceConfiguration [null] for test class [edu.cmu.mis.iccfb.AuthorServiceApplicationTests]
04:09:31.553 [Test worker] DEBUG org.springframework.test.annotation.ProfileValueUtils - Retrieved ProfileValueSource type [class org.springframework.test.annotation.SystemProfileValueSource] for class [edu.cmu.mis.iccfb.AuthorServiceApplicationTests]
04:09:31.557 [Test worker] DEBUG org.springframework.test.context.support.AbstractDirtiesContextTestExecutionListener - Before test class: context [DefaultTestContext@32190d97 testClass = AuthorServiceApplicationTests, testInstance = [null], testMethod = [null], testException = [null], mergedContextConfiguration = [WebMergedContextConfiguration@3e510bb5 testClass = AuthorServiceApplicationTests, locations = '{}', classes = '{class edu.cmu.mis.iccfb.AuthorServiceApplication}', contextInitializerClasses = '[]', activeProfiles = '{}', propertySourceLocations = '{}', propertySourceProperties = '{org.springframework.boot.test.context.SpringBootTestContextBootstrapper=true}', contextCustomizers = set[org.springframework.boot.test.context.SpringBootTestContextCustomizer@147f6286, org.springframework.boot.test.context.filter.ExcludeFilterContextCustomizer@1b067b3e, org.springframework.boot.test.mock.mockito.MockitoContextCustomizer@0, org.springframework.boot.test.autoconfigure.properties.PropertyMappingContextCustomizer@0, org.springframework.boot.test.autoconfigure.web.servlet.WebDriverContextCustomizerFactory$Customizer@197ceaf2], resourceBasePath = 'src/main/webapp', contextLoader = 'org.springframework.boot.test.context.SpringBootContextLoader', parent = [null]]], class annotated with @DirtiesContext [false] with mode [null].
04:09:31.557 [Test worker] DEBUG org.springframework.test.annotation.ProfileValueUtils - Retrieved @ProfileValueSourceConfiguration [null] for test class [edu.cmu.mis.iccfb.AuthorServiceApplicationTests]
04:09:31.557 [Test worker] DEBUG org.springframework.test.annotation.ProfileValueUtils - Retrieved ProfileValueSource type [class org.springframework.test.annotation.SystemProfileValueSource] for class [edu.cmu.mis.iccfb.AuthorServiceApplicationTests]
04:09:31.607 [Test worker] DEBUG org.springframework.core.env.StandardEnvironment - Adding [systemProperties] PropertySource with lowest search precedence
04:09:31.607 [Test worker] DEBUG org.springframework.core.env.StandardEnvironment - Adding [systemEnvironment] PropertySource with lowest search precedence
04:09:31.607 [Test worker] DEBUG org.springframework.core.env.StandardEnvironment - Initialized StandardEnvironment with PropertySources [systemProperties,systemEnvironment]
04:09:31.608 [Test worker] DEBUG org.springframework.core.env.MutablePropertySources - Adding [inline] PropertySource with highest search precedence
04:09:31.613 [Test worker] DEBUG org.springframework.test.context.support.TestPropertySourceUtils - Adding inlined properties to environment: {spring.jmx.enabled=false, org.springframework.boot.test.context.SpringBootTestContextBootstrapper=true, server.port=-1}
04:09:31.613 [Test worker] DEBUG org.springframework.core.env.StandardEnvironment - Adding [Inlined Test Properties] PropertySource with highest search precedence

  .   ____          _            __ _ _
 /\\ / ___'_ __ _ _(_)_ __  __ _ \ \ \ \
( ( )\___ | '_ | '_| | '_ \/ _` | \ \ \ \
 \\/  ___)| |_)| | | | | || (_| |  ) ) ) )
  '  |____| .__|_| |_|_| |_\__, | / / / /
 =========|_|==============|___/=/_/_/_/
 :: Spring Boot ::        (v1.5.1.RELEASE)

2017-02-16 04:09:31.978  INFO 93969 --- [    Test worker] e.c.m.i.AuthorServiceApplicationTests    : Starting AuthorServiceApplicationTests on Ahrams-MacBook-Pro.local with PID 93969 (started by ahramyun in /Users/ahramyun/cc/1/AuthorService)
2017-02-16 04:09:31.979  INFO 93969 --- [    Test worker] e.c.m.i.AuthorServiceApplicationTests    : No active profile set, falling back to default profiles: default
2017-02-16 04:09:32.009  INFO 93969 --- [    Test worker] o.s.w.c.s.GenericWebApplicationContext   : Refreshing org.springframework.web.context.support.GenericWebApplicationContext@1f44e984: startup date [Thu Feb 16 04:09:32 EST 2017]; root of context hierarchy
2017-02-16 04:09:32.833  INFO 93969 --- [    Test worker] trationDelegate$BeanPostProcessorChecker : Bean 'org.springframework.boot.autoconfigure.validation.ValidationAutoConfiguration' of type [class org.springframework.boot.autoconfigure.validation.ValidationAutoConfiguration] is not eligible for getting processed by all BeanPostProcessors (for example: not eligible for auto-proxying)
2017-02-16 04:09:32.892  INFO 93969 --- [    Test worker] trationDelegate$BeanPostProcessorChecker : Bean 'validator' of type [class org.springframework.validation.beanvalidation.LocalValidatorFactoryBean] is not eligible for getting processed by all BeanPostProcessors (for example: not eligible for auto-proxying)
2017-02-16 04:09:32.915  INFO 93969 --- [    Test worker] trationDelegate$BeanPostProcessorChecker : Bean 'org.springframework.transaction.annotation.ProxyTransactionManagementConfiguration' of type [class org.springframework.transaction.annotation.ProxyTransactionManagementConfiguration$$EnhancerBySpringCGLIB$$fabd6e1] is not eligible for getting processed by all BeanPostProcessors (for example: not eligible for auto-proxying)
2017-02-16 04:09:33.381  INFO 93969 --- [    Test worker] j.LocalContainerEntityManagerFactoryBean : Building JPA container EntityManagerFactory for persistence unit 'default'
2017-02-16 04:09:33.395  INFO 93969 --- [    Test worker] o.hibernate.jpa.internal.util.LogHelper  : HHH000204: Processing PersistenceUnitInfo [
	name: default
	...]
2017-02-16 04:09:33.455  INFO 93969 --- [    Test worker] org.hibernate.Version                    : HHH000412: Hibernate Core {5.0.11.Final}
2017-02-16 04:09:33.456  INFO 93969 --- [    Test worker] org.hibernate.cfg.Environment            : HHH000206: hibernate.properties not found
2017-02-16 04:09:33.457  INFO 93969 --- [    Test worker] org.hibernate.cfg.Environment            : HHH000021: Bytecode provider name : javassist
2017-02-16 04:09:33.490  INFO 93969 --- [    Test worker] o.hibernate.annotations.common.Version   : HCANN000001: Hibernate Commons Annotations {5.0.1.Final}
2017-02-16 04:09:33.577  INFO 93969 --- [    Test worker] org.hibernate.dialect.Dialect            : HHH000400: Using dialect: org.hibernate.dialect.H2Dialect
2017-02-16 04:09:33.956  INFO 93969 --- [    Test worker] org.hibernate.tool.hbm2ddl.SchemaExport  : HHH000227: Running hbm2ddl schema export
2017-02-16 04:09:33.963  INFO 93969 --- [    Test worker] org.hibernate.tool.hbm2ddl.SchemaExport  : HHH000230: Schema export complete
2017-02-16 04:09:33.991  INFO 93969 --- [    Test worker] j.LocalContainerEntityManagerFactoryBean : Initialized JPA EntityManagerFactory for persistence unit 'default'
2017-02-16 04:09:34.205  INFO 93969 --- [    Test worker] edu.cmu.mis.iccfb.SeedData               : Authors found with findAll():
2017-02-16 04:09:34.205  INFO 93969 --- [    Test worker] edu.cmu.mis.iccfb.SeedData               : -------------------------------
2017-02-16 04:09:34.225  INFO 93969 --- [    Test worker] o.h.h.i.QueryTranslatorFactoryInitiator  : HHH000397: Using ASTQueryTranslatorFactory
2017-02-16 04:09:34.310  INFO 93969 --- [    Test worker] edu.cmu.mis.iccfb.SeedData               : edu.cmu.mis.iccfb.model.Author@66124e8e
2017-02-16 04:09:34.311  INFO 93969 --- [    Test worker] edu.cmu.mis.iccfb.SeedData               : edu.cmu.mis.iccfb.model.Author@5a388d7d
2017-02-16 04:09:34.311  INFO 93969 --- [    Test worker] edu.cmu.mis.iccfb.SeedData               : edu.cmu.mis.iccfb.model.Author@2e2ade8a
2017-02-16 04:09:34.737  INFO 93969 --- [    Test worker] s.w.s.m.m.a.RequestMappingHandlerAdapter : Looking for @ControllerAdvice: org.springframework.web.context.support.GenericWebApplicationContext@1f44e984: startup date [Thu Feb 16 04:09:32 EST 2017]; root of context hierarchy
2017-02-16 04:09:34.790  INFO 93969 --- [    Test worker] s.w.s.m.m.a.RequestMappingHandlerMapping : Mapped "{[/api/author]}" onto public java.lang.Iterable<edu.cmu.mis.iccfb.model.Author> edu.cmu.mis.iccfb.controller.AuthorController.listAuthors()
2017-02-16 04:09:34.790  INFO 93969 --- [    Test worker] s.w.s.m.m.a.RequestMappingHandlerMapping : Mapped "{[/api/author/{id}]}" onto public edu.cmu.mis.iccfb.model.Author edu.cmu.mis.iccfb.controller.AuthorController.getAuthor(long)
2017-02-16 04:09:34.791  INFO 93969 --- [    Test worker] s.w.s.m.m.a.RequestMappingHandlerMapping : Mapped "{[/api/author/byname]}" onto public edu.cmu.mis.iccfb.model.Author edu.cmu.mis.iccfb.controller.AuthorController.getAuthorByName(java.lang.String)
2017-02-16 04:09:34.791  INFO 93969 --- [    Test worker] s.w.s.m.m.a.RequestMappingHandlerMapping : Mapped "{[/api/author],methods=[POST]}" onto public java.lang.Long edu.cmu.mis.iccfb.controller.AuthorController.saveAuthor(edu.cmu.mis.iccfb.model.Author)
2017-02-16 04:09:34.793  INFO 93969 --- [    Test worker] s.w.s.m.m.a.RequestMappingHandlerMapping : Mapped "{[/error]}" onto public org.springframework.http.ResponseEntity<java.util.Map<java.lang.String, java.lang.Object>> org.springframework.boot.autoconfigure.web.BasicErrorController.error(javax.servlet.http.HttpServletRequest)
2017-02-16 04:09:34.793  INFO 93969 --- [    Test worker] s.w.s.m.m.a.RequestMappingHandlerMapping : Mapped "{[/error],produces=[text/html]}" onto public org.springframework.web.servlet.ModelAndView org.springframework.boot.autoconfigure.web.BasicErrorController.errorHtml(javax.servlet.http.HttpServletRequest,javax.servlet.http.HttpServletResponse)
2017-02-16 04:09:34.818  INFO 93969 --- [    Test worker] o.s.w.s.handler.SimpleUrlHandlerMapping  : Mapped URL path [/webjars/**] onto handler of type [class org.springframework.web.servlet.resource.ResourceHttpRequestHandler]
2017-02-16 04:09:34.818  INFO 93969 --- [    Test worker] o.s.w.s.handler.SimpleUrlHandlerMapping  : Mapped URL path [/**] onto handler of type [class org.springframework.web.servlet.resource.ResourceHttpRequestHandler]
2017-02-16 04:09:34.852  INFO 93969 --- [    Test worker] o.s.w.s.handler.SimpleUrlHandlerMapping  : Mapped URL path [/**/favicon.ico] onto handler of type [class org.springframework.web.servlet.resource.ResourceHttpRequestHandler]
2017-02-16 04:09:35.028  INFO 93969 --- [    Test worker] e.c.m.i.AuthorServiceApplicationTests    : Started AuthorServiceApplicationTests in 3.405 seconds (JVM running for 4.153)
]]></system-out>
  <system-err><![CDATA[]]></system-err>
</testsuite>
